This is pdfTeX, Version 3.14159265-2.6-1.40.21 (MiKTeX 2.9.7300 64-bit) (preloaded format=pdflatex 2020.2.24)  18 NOV 2020 10:15
entering extended mode
**./Revisions2_Supplementary_file_Lato_Golding_Location_of_Substitutions.tex
(Revisions2_Supplementary_file_Lato_Golding_Location_of_Substitutions.tex
LaTeX2e <2020-02-02> patch level 3
L3 programming layer <2020-02-21>
("C:\Users\synch\AppData\Local\Programs\MiKTeX 2.9\tex/latex/base\article.cls"
Document Class: article 2019/12/20 v1.4l Standard LaTeX document class
("C:\Users\synch\AppData\Local\Programs\MiKTeX 2.9\tex/latex/base\size11.clo"
File: size11.clo 2019/12/20 v1.4l Standard LaTeX file (size option)
)
\c@part=\count167
\c@section=\count168
\c@subsection=\count169
\c@subsubsection=\count170
\c@paragraph=\count171
\c@subparagraph=\count172
\c@figure=\count173
\c@table=\count174
\abovecaptionskip=\skip47
\belowcaptionskip=\skip48
\bibindent=\dimen134
)
("C:\Users\synch\AppData\Local\Programs\MiKTeX 2.9\tex/latex/graphics\graphicx.
sty"
Package: graphicx 2019/11/30 v1.2a Enhanced LaTeX Graphics (DPC,SPQR)

("C:\Users\synch\AppData\Local\Programs\MiKTeX 2.9\tex/latex/graphics\keyval.st
y"
Package: keyval 2014/10/28 v1.15 key=value parser (DPC)
\KV@toks@=\toks14
)
("C:\Users\synch\AppData\Local\Programs\MiKTeX 2.9\tex/latex/graphics\graphics.
sty"
Package: graphics 2019/11/30 v1.4a Standard LaTeX Graphics (DPC,SPQR)

("C:\Users\synch\AppData\Local\Programs\MiKTeX 2.9\tex/latex/graphics\trig.sty"
Package: trig 2016/01/03 v1.10 sin cos tan (DPC)
)
("C:\Users\synch\AppData\Local\Programs\MiKTeX 2.9\tex/latex/graphics-cfg\graph
ics.cfg"
File: graphics.cfg 2016/06/04 v1.11 sample graphics configuration
)
Package graphics Info: Driver file: pdftex.def on input line 105.

("C:\Users\synch\AppData\Local\Programs\MiKTeX 2.9\tex/latex/graphics-def\pdfte
x.def"
File: pdftex.def 2018/01/08 v1.0l Graphics/color driver for pdftex
))
\Gin@req@height=\dimen135
\Gin@req@width=\dimen136
)
("C:\Users\synch\AppData\Local\Programs\MiKTeX 2.9\tex/latex/float\float.sty"
Package: float 2001/11/08 v1.3d Float enhancements (AL)
\c@float@type=\count175
\float@exts=\toks15
\float@box=\box45
\@float@everytoks=\toks16
\@floatcapt=\box46
)
("C:\Users\synch\AppData\Local\Programs\MiKTeX 2.9\tex/latex/geometry\geometry.
sty"
Package: geometry 2020/01/02 v5.9 Page Geometry

("C:\Users\synch\AppData\Local\Programs\MiKTeX 2.9\tex/generic/iftex\ifvtex.sty
"
Package: ifvtex 2019/10/25 v1.7 ifvtex legacy package. Use iftex instead.
 ("C:\Users\synch\AppData\Local\Programs\MiKTeX 2.9\tex/generic/iftex\iftex.sty
"
Package: iftex 2019/11/07 v1.0c TeX engine tests
))
\Gm@cnth=\count176
\Gm@cntv=\count177
\c@Gm@tempcnt=\count178
\Gm@bindingoffset=\dimen137
\Gm@wd@mp=\dimen138
\Gm@odd@mp=\dimen139
\Gm@even@mp=\dimen140
\Gm@layoutwidth=\dimen141
\Gm@layoutheight=\dimen142
\Gm@layouthoffset=\dimen143
\Gm@layoutvoffset=\dimen144
\Gm@dimlist=\toks17

("C:\Users\synch\AppData\Local\Programs\MiKTeX 2.9\tex/latex/geometry\geometry.
cfg"))
("C:\Users\synch\AppData\Local\Programs\MiKTeX 2.9\tex/latex/fancyhdr\fancyhdr.
sty"
Package: fancyhdr 2019/01/31 v3.10 Extensive control of page headers and footer
s
\f@nch@headwidth=\skip49
\f@nch@O@elh=\skip50
\f@nch@O@erh=\skip51
\f@nch@O@olh=\skip52
\f@nch@O@orh=\skip53
\f@nch@O@elf=\skip54
\f@nch@O@erf=\skip55
\f@nch@O@olf=\skip56
\f@nch@O@orf=\skip57
)
("C:\Users\synch\AppData\Local\Programs\MiKTeX 2.9\tex/latex/caption\caption.st
y"
Package: caption 2020/01/03 v3.4h Customizing captions (AR)

("C:\Users\synch\AppData\Local\Programs\MiKTeX 2.9\tex/latex/caption\caption3.s
ty"
Package: caption3 2020/01/03 v1.8h caption3 kernel (AR)
Package caption3 Info: TeX engine: e-TeX on input line 61.
\captionmargin=\dimen145
\captionmargin@=\dimen146
\captionwidth=\dimen147
\caption@tempdima=\dimen148
\caption@indent=\dimen149
\caption@parindent=\dimen150
\caption@hangindent=\dimen151
Package caption Info: Standard document class detected.
)
\c@caption@flags=\count179
\c@continuedfloat=\count180
Package caption Info: float package is loaded.
)
("C:\Users\synch\AppData\Local\Programs\MiKTeX 2.9\tex/latex/hyperref\hyperref.
sty"
Package: hyperref 2020/01/14 v7.00d Hypertext links for LaTeX

("C:\Users\synch\AppData\Local\Programs\MiKTeX 2.9\tex/generic/ltxcmds\ltxcmds.
sty"
Package: ltxcmds 2019/12/15 v1.24 LaTeX kernel commands for general use (HO)
)
("C:\Users\synch\AppData\Local\Programs\MiKTeX 2.9\tex/latex/pdftexcmds\pdftexc
mds.sty"
Package: pdftexcmds 2019/11/24 v0.31 Utility functions of pdfTeX for LuaTeX (HO
)

("C:\Users\synch\AppData\Local\Programs\MiKTeX 2.9\tex/generic/infwarerr\infwar
err.sty"
Package: infwarerr 2019/12/03 v1.5 Providing info/warning/error messages (HO)
)
Package pdftexcmds Info: \pdf@primitive is available.
Package pdftexcmds Info: \pdf@ifprimitive is available.
Package pdftexcmds Info: \pdfdraftmode found.
)
("C:\Users\synch\AppData\Local\Programs\MiKTeX 2.9\tex/generic/kvsetkeys\kvsetk
eys.sty"
Package: kvsetkeys 2019/12/15 v1.18 Key value parser (HO)
)
("C:\Users\synch\AppData\Local\Programs\MiKTeX 2.9\tex/generic/kvdefinekeys\kvd
efinekeys.sty"
Package: kvdefinekeys 2019-12-19 v1.6 Define keys (HO)
)
("C:\Users\synch\AppData\Local\Programs\MiKTeX 2.9\tex/generic/pdfescape\pdfesc
ape.sty"
Package: pdfescape 2019/12/09 v1.15 Implements pdfTeX's escape features (HO)
)
("C:\Users\synch\AppData\Local\Programs\MiKTeX 2.9\tex/latex/hycolor\hycolor.st
y"
Package: hycolor 2020-01-27 v1.10 Color options for hyperref/bookmark (HO)
)
("C:\Users\synch\AppData\Local\Programs\MiKTeX 2.9\tex/latex/letltxmacro\letltx
macro.sty"
Package: letltxmacro 2019/12/03 v1.6 Let assignment for LaTeX macros (HO)
)
("C:\Users\synch\AppData\Local\Programs\MiKTeX 2.9\tex/latex/auxhook\auxhook.st
y"
Package: auxhook 2019-12-17 v1.6 Hooks for auxiliary files (HO)
)
("C:\Users\synch\AppData\Local\Programs\MiKTeX 2.9\tex/latex/kvoptions\kvoption
s.sty"
Package: kvoptions 2019/11/29 v3.13 Key value format for package options (HO)
)
\@linkdim=\dimen152
\Hy@linkcounter=\count181
\Hy@pagecounter=\count182

("C:\Users\synch\AppData\Local\Programs\MiKTeX 2.9\tex/latex/hyperref\pd1enc.de
f"
File: pd1enc.def 2020/01/14 v7.00d Hyperref: PDFDocEncoding definition (HO)
Now handling font encoding PD1 ...
... no UTF-8 mapping file for font encoding PD1
)
("C:\Users\synch\AppData\Local\Programs\MiKTeX 2.9\tex/generic/intcalc\intcalc.
sty"
Package: intcalc 2019/12/15 v1.3 Expandable calculations with integers (HO)
)
("C:\Users\synch\AppData\Local\Programs\MiKTeX 2.9\tex/generic/etexcmds\etexcmd
s.sty"
Package: etexcmds 2019/12/15 v1.7 Avoid name clashes with e-TeX commands (HO)
)
\Hy@SavedSpaceFactor=\count183
Package hyperref Info: Hyper figures OFF on input line 4547.
Package hyperref Info: Link nesting OFF on input line 4552.
Package hyperref Info: Hyper index ON on input line 4555.
Package hyperref Info: Plain pages OFF on input line 4562.
Package hyperref Info: Backreferencing OFF on input line 4567.
Package hyperref Info: Implicit mode ON; LaTeX internals redefined.
Package hyperref Info: Bookmarks ON on input line 4800.
\c@Hy@tempcnt=\count184
 ("C:\Users\synch\AppData\Local\Programs\MiKTeX 2.9\tex/latex/url\url.sty"
\Urlmuskip=\muskip16
Package: url 2013/09/16  ver 3.4  Verb mode for urls, etc.
)
LaTeX Info: Redefining \url on input line 5159.
\XeTeXLinkMargin=\dimen153

("C:\Users\synch\AppData\Local\Programs\MiKTeX 2.9\tex/generic/bitset\bitset.st
y"
Package: bitset 2019/12/09 v1.3 Handle bit-vector datatype (HO)

("C:\Users\synch\AppData\Local\Programs\MiKTeX 2.9\tex/generic/bigintcalc\bigin
tcalc.sty"
Package: bigintcalc 2019/12/15 v1.5 Expandable calculations on big integers (HO
)
))
\Fld@menulength=\count185
\Field@Width=\dimen154
\Fld@charsize=\dimen155
Package hyperref Info: Hyper figures OFF on input line 6430.
Package hyperref Info: Link nesting OFF on input line 6435.
Package hyperref Info: Hyper index ON on input line 6438.
Package hyperref Info: backreferencing OFF on input line 6445.
Package hyperref Info: Link coloring OFF on input line 6450.
Package hyperref Info: Link coloring with OCG OFF on input line 6455.
Package hyperref Info: PDF/A mode OFF on input line 6460.
LaTeX Info: Redefining \ref on input line 6500.
LaTeX Info: Redefining \pageref on input line 6504.

("C:\Users\synch\AppData\Local\Programs\MiKTeX 2.9\tex/generic/atbegshi\atbegsh
i.sty"
Package: atbegshi 2019/12/05 v1.19 At begin shipout hook (HO)
)
\Hy@abspage=\count186
\c@Item=\count187
\c@Hfootnote=\count188
)
Package hyperref Info: Driver (autodetected): hpdftex.

("C:\Users\synch\AppData\Local\Programs\MiKTeX 2.9\tex/latex/hyperref\hpdftex.d
ef"
File: hpdftex.def 2020/01/14 v7.00d Hyperref driver for pdfTeX

("C:\Users\synch\AppData\Local\Programs\MiKTeX 2.9\tex/latex/atveryend\atveryen
d.sty"
Package: atveryend 2019-12-11 v1.11 Hooks at the very end of document (HO)
Package atveryend Info: \enddocument detected (standard20110627).
)
\Fld@listcount=\count189
\c@bookmark@seq@number=\count190

("C:\Users\synch\AppData\Local\Programs\MiKTeX 2.9\tex/latex/rerunfilecheck\rer
unfilecheck.sty"
Package: rerunfilecheck 2019/12/05 v1.9 Rerun checks for auxiliary files (HO)

("C:\Users\synch\AppData\Local\Programs\MiKTeX 2.9\tex/generic/uniquecounter\un
iquecounter.sty"
Package: uniquecounter 2019/12/15 v1.4 Provide unlimited unique counter (HO)
)
Package uniquecounter Info: New unique counter `rerunfilecheck' on input line 2
86.
)
\Hy@SectionHShift=\skip58
)
("C:\Users\synch\AppData\Local\Programs\MiKTeX 2.9\tex/latex/pdfpages\pdfpages.
sty"
Package: pdfpages 2020/01/28 v0.5q Insert pages of external PDF documents (AM)

("C:\Users\synch\AppData\Local\Programs\MiKTeX 2.9\tex/latex/base\ifthen.sty"
Package: ifthen 2014/09/29 v1.1c Standard LaTeX ifthen package (DPC)
)
("C:\Users\synch\AppData\Local\Programs\MiKTeX 2.9\tex/latex/tools\calc.sty"
Package: calc 2017/05/25 v4.3 Infix arithmetic (KKT,FJ)
\calc@Acount=\count191
\calc@Bcount=\count192
\calc@Adimen=\dimen156
\calc@Bdimen=\dimen157
\calc@Askip=\skip59
\calc@Bskip=\skip60
LaTeX Info: Redefining \setlength on input line 80.
LaTeX Info: Redefining \addtolength on input line 81.
\calc@Ccount=\count193
\calc@Cskip=\skip61
)
("C:\Users\synch\AppData\Local\Programs\MiKTeX 2.9\tex/latex/eso-pic\eso-pic.st
y"
Package: eso-pic 2018/04/12 v2.0h eso-pic (RN)

("C:\Users\synch\AppData\Local\Programs\MiKTeX 2.9\tex/latex/xcolor\xcolor.sty"
Package: xcolor 2016/05/11 v2.12 LaTeX color extensions (UK)

("C:\Users\synch\AppData\Local\Programs\MiKTeX 2.9\tex/latex/graphics-cfg\color
.cfg"
File: color.cfg 2016/01/02 v1.6 sample color configuration
)
Package xcolor Info: Driver file: pdftex.def on input line 225.
Package xcolor Info: Model `cmy' substituted by `cmy0' on input line 1348.
Package xcolor Info: Model `hsb' substituted by `rgb' on input line 1352.
Package xcolor Info: Model `RGB' extended on input line 1364.
Package xcolor Info: Model `HTML' substituted by `rgb' on input line 1366.
Package xcolor Info: Model `Hsb' substituted by `hsb' on input line 1367.
Package xcolor Info: Model `tHsb' substituted by `hsb' on input line 1368.
Package xcolor Info: Model `HSB' substituted by `hsb' on input line 1369.
Package xcolor Info: Model `Gray' substituted by `gray' on input line 1370.
Package xcolor Info: Model `wave' substituted by `hsb' on input line 1371.
))
\AM@pagewidth=\dimen158
\AM@pageheight=\dimen159

("C:\Users\synch\AppData\Local\Programs\MiKTeX 2.9\tex/latex/pdfpages\pppdftex.
def"
File: pppdftex.def 2020/01/28 v0.5q Pdfpages driver for pdfTeX (AM)
)
\AM@pagebox=\box47
\AM@global@opts=\toks18
\AM@pagecnt=\count194
\AM@toc@title=\toks19
\c@AM@survey=\count195
\AM@templatesizebox=\box48
)
("C:\Users\synch\AppData\Local\Programs\MiKTeX 2.9\tex/latex/colortbl\colortbl.
sty"
Package: colortbl 2020/01/04 v1.0e Color table columns (DPC)

("C:\Users\synch\AppData\Local\Programs\MiKTeX 2.9\tex/latex/tools\array.sty"
Package: array 2019/08/31 v2.4l Tabular extension package (FMi)
\col@sep=\dimen160
\ar@mcellbox=\box49
\extrarowheight=\dimen161
\NC@list=\toks20
\extratabsurround=\skip62
\backup@length=\skip63
\ar@cellbox=\box50
)
\everycr=\toks21
\minrowclearance=\skip64
)
("C:\Users\synch\AppData\Local\Programs\MiKTeX 2.9\tex/latex/multirow\multirow.
sty"
Package: multirow 2019/05/31 v2.5 Span multiple rows of a table
\multirow@colwidth=\skip65
\multirow@cntb=\count196
\multirow@dima=\skip66
\bigstrutjot=\dimen162
) ("C:\Users\synch\AppData\Local\Programs\MiKTeX 2.9\tex/latex/ulem\ulem.sty"
\UL@box=\box51
\UL@hyphenbox=\box52
\UL@skip=\skip67
\UL@hook=\toks22
\UL@height=\dimen163
\UL@pe=\count197
\UL@pixel=\dimen164
\ULC@box=\box53
Package: ulem 2019/11/18
\ULdepth=\dimen165
)
("C:\Users\synch\AppData\Local\Programs\MiKTeX 2.9\tex/latex/tools\xspace.sty"
Package: xspace 2014/10/28 v1.13 Space after command names (DPC,MH)
)
("C:\Users\synch\AppData\Local\Programs\MiKTeX 2.9\tex/latex/tools\longtable.st
y"
Package: longtable 2020/01/07 v4.13 Multi-page Table package (DPC)
\LTleft=\skip68
\LTright=\skip69
\LTpre=\skip70
\LTpost=\skip71
\LTchunksize=\count198
\LTcapwidth=\dimen166
\LT@head=\box54
\LT@firsthead=\box55
\LT@foot=\box56
\LT@lastfoot=\box57
\LT@cols=\count199
\LT@rows=\count266
\c@LT@tables=\count267
\c@LT@chunks=\count268
\LT@p@ftn=\toks23
)
("C:\Users\synch\AppData\Local\Programs\MiKTeX 2.9\tex/latex/booktabs\booktabs.
sty"
Package: booktabs 2020/01/12 v1.61803398 Publication quality tables
\heavyrulewidth=\dimen167
\lightrulewidth=\dimen168
\cmidrulewidth=\dimen169
\belowrulesep=\dimen170
\belowbottomsep=\dimen171
\aboverulesep=\dimen172
\abovetopsep=\dimen173
\cmidrulesep=\dimen174
\cmidrulekern=\dimen175
\defaultaddspace=\dimen176
\@cmidla=\count269
\@cmidlb=\count270
\@aboverulesep=\dimen177
\@belowrulesep=\dimen178
\@thisruleclass=\count271
\@lastruleclass=\count272
\@thisrulewidth=\dimen179
)
("C:\Users\synch\AppData\Local\Programs\MiKTeX 2.9\tex/latex/capt-of\capt-of.st
y"
Package: capt-of 2009/12/29 v0.2 standard captions outside of floats
)
("C:\Users\synch\AppData\Local\Programs\MiKTeX 2.9\tex/latex/pgf/basiclayer\pgf
.sty"
("C:\Users\synch\AppData\Local\Programs\MiKTeX 2.9\tex/latex/pgf/utilities\pgfr
cs.sty"
("C:\Users\synch\AppData\Local\Programs\MiKTeX 2.9\tex/generic/pgf/utilities\pg
futil-common.tex"
\pgfutil@everybye=\toks24
\pgfutil@tempdima=\dimen180
\pgfutil@tempdimb=\dimen181

("C:\Users\synch\AppData\Local\Programs\MiKTeX 2.9\tex/generic/pgf/utilities\pg
futil-common-lists.tex"))
("C:\Users\synch\AppData\Local\Programs\MiKTeX 2.9\tex/generic/pgf/utilities\pg
futil-latex.def"
\pgfutil@abb=\box58

("C:\Users\synch\AppData\Local\Programs\MiKTeX 2.9\tex/latex/ms\everyshi.sty"
Package: everyshi 2001/05/15 v3.00 EveryShipout Package (MS)
))
("C:\Users\synch\AppData\Local\Programs\MiKTeX 2.9\tex/generic/pgf/utilities\pg
frcs.code.tex"
("C:\Users\synch\AppData\Local\Programs\MiKTeX 2.9\tex/generic/pgf\pgf.revision
.tex")
Package: pgfrcs 2020/01/08 v3.1.5b (3.1.5b)
))
Package: pgf 2020/01/08 v3.1.5b (3.1.5b)

("C:\Users\synch\AppData\Local\Programs\MiKTeX 2.9\tex/latex/pgf/basiclayer\pgf
core.sty"
("C:\Users\synch\AppData\Local\Programs\MiKTeX 2.9\tex/latex/pgf/systemlayer\pg
fsys.sty"
("C:\Users\synch\AppData\Local\Programs\MiKTeX 2.9\tex/generic/pgf/systemlayer\
pgfsys.code.tex"
Package: pgfsys 2020/01/08 v3.1.5b (3.1.5b)

("C:\Users\synch\AppData\Local\Programs\MiKTeX 2.9\tex/generic/pgf/utilities\pg
fkeys.code.tex"
\pgfkeys@pathtoks=\toks25
\pgfkeys@temptoks=\toks26

("C:\Users\synch\AppData\Local\Programs\MiKTeX 2.9\tex/generic/pgf/utilities\pg
fkeysfiltered.code.tex"
\pgfkeys@tmptoks=\toks27
))
\pgf@x=\dimen182
\pgf@y=\dimen183
\pgf@xa=\dimen184
\pgf@ya=\dimen185
\pgf@xb=\dimen186
\pgf@yb=\dimen187
\pgf@xc=\dimen188
\pgf@yc=\dimen189
\pgf@xd=\dimen190
\pgf@yd=\dimen191
\w@pgf@writea=\write3
\r@pgf@reada=\read2
\c@pgf@counta=\count273
\c@pgf@countb=\count274
\c@pgf@countc=\count275
\c@pgf@countd=\count276
\t@pgf@toka=\toks28
\t@pgf@tokb=\toks29
\t@pgf@tokc=\toks30
\pgf@sys@id@count=\count277

("C:\Users\synch\AppData\Local\Programs\MiKTeX 2.9\tex/generic/pgf/systemlayer\
pgf.cfg"
File: pgf.cfg 2020/01/08 v3.1.5b (3.1.5b)
)
Driver file for pgf: pgfsys-pdftex.def

("C:\Users\synch\AppData\Local\Programs\MiKTeX 2.9\tex/generic/pgf/systemlayer\
pgfsys-pdftex.def"
File: pgfsys-pdftex.def 2020/01/08 v3.1.5b (3.1.5b)

("C:\Users\synch\AppData\Local\Programs\MiKTeX 2.9\tex/generic/pgf/systemlayer\
pgfsys-common-pdf.def"
File: pgfsys-common-pdf.def 2020/01/08 v3.1.5b (3.1.5b)
)))
("C:\Users\synch\AppData\Local\Programs\MiKTeX 2.9\tex/generic/pgf/systemlayer\
pgfsyssoftpath.code.tex"
File: pgfsyssoftpath.code.tex 2020/01/08 v3.1.5b (3.1.5b)
\pgfsyssoftpath@smallbuffer@items=\count278
\pgfsyssoftpath@bigbuffer@items=\count279
)
("C:\Users\synch\AppData\Local\Programs\MiKTeX 2.9\tex/generic/pgf/systemlayer\
pgfsysprotocol.code.tex"
File: pgfsysprotocol.code.tex 2020/01/08 v3.1.5b (3.1.5b)
))
("C:\Users\synch\AppData\Local\Programs\MiKTeX 2.9\tex/generic/pgf/basiclayer\p
gfcore.code.tex"
Package: pgfcore 2020/01/08 v3.1.5b (3.1.5b)

("C:\Users\synch\AppData\Local\Programs\MiKTeX 2.9\tex/generic/pgf/math\pgfmath
.code.tex"
("C:\Users\synch\AppData\Local\Programs\MiKTeX 2.9\tex/generic/pgf/math\pgfmath
calc.code.tex"
("C:\Users\synch\AppData\Local\Programs\MiKTeX 2.9\tex/generic/pgf/math\pgfmath
util.code.tex")
("C:\Users\synch\AppData\Local\Programs\MiKTeX 2.9\tex/generic/pgf/math\pgfmath
parser.code.tex"
\pgfmath@dimen=\dimen192
\pgfmath@count=\count280
\pgfmath@box=\box59
\pgfmath@toks=\toks31
\pgfmath@stack@operand=\toks32
\pgfmath@stack@operation=\toks33
)
("C:\Users\synch\AppData\Local\Programs\MiKTeX 2.9\tex/generic/pgf/math\pgfmath
functions.code.tex"
("C:\Users\synch\AppData\Local\Programs\MiKTeX 2.9\tex/generic/pgf/math\pgfmath
functions.basic.code.tex")
("C:\Users\synch\AppData\Local\Programs\MiKTeX 2.9\tex/generic/pgf/math\pgfmath
functions.trigonometric.code.tex")
("C:\Users\synch\AppData\Local\Programs\MiKTeX 2.9\tex/generic/pgf/math\pgfmath
functions.random.code.tex")
("C:\Users\synch\AppData\Local\Programs\MiKTeX 2.9\tex/generic/pgf/math\pgfmath
functions.comparison.code.tex")
("C:\Users\synch\AppData\Local\Programs\MiKTeX 2.9\tex/generic/pgf/math\pgfmath
functions.base.code.tex")
("C:\Users\synch\AppData\Local\Programs\MiKTeX 2.9\tex/generic/pgf/math\pgfmath
functions.round.code.tex")
("C:\Users\synch\AppData\Local\Programs\MiKTeX 2.9\tex/generic/pgf/math\pgfmath
functions.misc.code.tex")
("C:\Users\synch\AppData\Local\Programs\MiKTeX 2.9\tex/generic/pgf/math\pgfmath
functions.integerarithmetics.code.tex")))
("C:\Users\synch\AppData\Local\Programs\MiKTeX 2.9\tex/generic/pgf/math\pgfmath
float.code.tex"
\c@pgfmathroundto@lastzeros=\count281
))
("C:\Users\synch\AppData\Local\Programs\MiKTeX 2.9\tex/generic/pgf/math\pgfint.
code.tex")
("C:\Users\synch\AppData\Local\Programs\MiKTeX 2.9\tex/generic/pgf/basiclayer\p
gfcorepoints.code.tex"
File: pgfcorepoints.code.tex 2020/01/08 v3.1.5b (3.1.5b)
\pgf@picminx=\dimen193
\pgf@picmaxx=\dimen194
\pgf@picminy=\dimen195
\pgf@picmaxy=\dimen196
\pgf@pathminx=\dimen197
\pgf@pathmaxx=\dimen198
\pgf@pathminy=\dimen199
\pgf@pathmaxy=\dimen256
\pgf@xx=\dimen257
\pgf@xy=\dimen258
\pgf@yx=\dimen259
\pgf@yy=\dimen260
\pgf@zx=\dimen261
\pgf@zy=\dimen262
)
("C:\Users\synch\AppData\Local\Programs\MiKTeX 2.9\tex/generic/pgf/basiclayer\p
gfcorepathconstruct.code.tex"
File: pgfcorepathconstruct.code.tex 2020/01/08 v3.1.5b (3.1.5b)
\pgf@path@lastx=\dimen263
\pgf@path@lasty=\dimen264
)
("C:\Users\synch\AppData\Local\Programs\MiKTeX 2.9\tex/generic/pgf/basiclayer\p
gfcorepathusage.code.tex"
File: pgfcorepathusage.code.tex 2020/01/08 v3.1.5b (3.1.5b)
\pgf@shorten@end@additional=\dimen265
\pgf@shorten@start@additional=\dimen266
)
("C:\Users\synch\AppData\Local\Programs\MiKTeX 2.9\tex/generic/pgf/basiclayer\p
gfcorescopes.code.tex"
File: pgfcorescopes.code.tex 2020/01/08 v3.1.5b (3.1.5b)
\pgfpic=\box60
\pgf@hbox=\box61
\pgf@layerbox@main=\box62
\pgf@picture@serial@count=\count282
)
("C:\Users\synch\AppData\Local\Programs\MiKTeX 2.9\tex/generic/pgf/basiclayer\p
gfcoregraphicstate.code.tex"
File: pgfcoregraphicstate.code.tex 2020/01/08 v3.1.5b (3.1.5b)
\pgflinewidth=\dimen267
)
("C:\Users\synch\AppData\Local\Programs\MiKTeX 2.9\tex/generic/pgf/basiclayer\p
gfcoretransformations.code.tex"
File: pgfcoretransformations.code.tex 2020/01/08 v3.1.5b (3.1.5b)
\pgf@pt@x=\dimen268
\pgf@pt@y=\dimen269
\pgf@pt@temp=\dimen270
)
("C:\Users\synch\AppData\Local\Programs\MiKTeX 2.9\tex/generic/pgf/basiclayer\p
gfcorequick.code.tex"
File: pgfcorequick.code.tex 2020/01/08 v3.1.5b (3.1.5b)
)
("C:\Users\synch\AppData\Local\Programs\MiKTeX 2.9\tex/generic/pgf/basiclayer\p
gfcoreobjects.code.tex"
File: pgfcoreobjects.code.tex 2020/01/08 v3.1.5b (3.1.5b)
)
("C:\Users\synch\AppData\Local\Programs\MiKTeX 2.9\tex/generic/pgf/basiclayer\p
gfcorepathprocessing.code.tex"
File: pgfcorepathprocessing.code.tex 2020/01/08 v3.1.5b (3.1.5b)
)
("C:\Users\synch\AppData\Local\Programs\MiKTeX 2.9\tex/generic/pgf/basiclayer\p
gfcorearrows.code.tex"
File: pgfcorearrows.code.tex 2020/01/08 v3.1.5b (3.1.5b)
\pgfarrowsep=\dimen271
)
("C:\Users\synch\AppData\Local\Programs\MiKTeX 2.9\tex/generic/pgf/basiclayer\p
gfcoreshade.code.tex"
File: pgfcoreshade.code.tex 2020/01/08 v3.1.5b (3.1.5b)
\pgf@max=\dimen272
\pgf@sys@shading@range@num=\count283
\pgf@shadingcount=\count284
)
("C:\Users\synch\AppData\Local\Programs\MiKTeX 2.9\tex/generic/pgf/basiclayer\p
gfcoreimage.code.tex"
File: pgfcoreimage.code.tex 2020/01/08 v3.1.5b (3.1.5b)

("C:\Users\synch\AppData\Local\Programs\MiKTeX 2.9\tex/generic/pgf/basiclayer\p
gfcoreexternal.code.tex"
File: pgfcoreexternal.code.tex 2020/01/08 v3.1.5b (3.1.5b)
\pgfexternal@startupbox=\box63
))
("C:\Users\synch\AppData\Local\Programs\MiKTeX 2.9\tex/generic/pgf/basiclayer\p
gfcorelayers.code.tex"
File: pgfcorelayers.code.tex 2020/01/08 v3.1.5b (3.1.5b)
)
("C:\Users\synch\AppData\Local\Programs\MiKTeX 2.9\tex/generic/pgf/basiclayer\p
gfcoretransparency.code.tex"
File: pgfcoretransparency.code.tex 2020/01/08 v3.1.5b (3.1.5b)
)
("C:\Users\synch\AppData\Local\Programs\MiKTeX 2.9\tex/generic/pgf/basiclayer\p
gfcorepatterns.code.tex"
File: pgfcorepatterns.code.tex 2020/01/08 v3.1.5b (3.1.5b)
)
("C:\Users\synch\AppData\Local\Programs\MiKTeX 2.9\tex/generic/pgf/basiclayer\p
gfcorerdf.code.tex"
File: pgfcorerdf.code.tex 2020/01/08 v3.1.5b (3.1.5b)
)))
("C:\Users\synch\AppData\Local\Programs\MiKTeX 2.9\tex/generic/pgf/modules\pgfm
oduleshapes.code.tex"
File: pgfmoduleshapes.code.tex 2020/01/08 v3.1.5b (3.1.5b)
\pgfnodeparttextbox=\box64
)
("C:\Users\synch\AppData\Local\Programs\MiKTeX 2.9\tex/generic/pgf/modules\pgfm
oduleplot.code.tex"
File: pgfmoduleplot.code.tex 2020/01/08 v3.1.5b (3.1.5b)
)
("C:\Users\synch\AppData\Local\Programs\MiKTeX 2.9\tex/latex/pgf/compatibility\
pgfcomp-version-0-65.sty"
Package: pgfcomp-version-0-65 2020/01/08 v3.1.5b (3.1.5b)
\pgf@nodesepstart=\dimen273
\pgf@nodesepend=\dimen274
)
("C:\Users\synch\AppData\Local\Programs\MiKTeX 2.9\tex/latex/pgf/compatibility\
pgfcomp-version-1-18.sty"
Package: pgfcomp-version-1-18 2020/01/08 v3.1.5b (3.1.5b)
))
("C:\Users\synch\AppData\Local\Programs\MiKTeX 2.9\tex/latex/base\fontenc.sty"
Package: fontenc 2020/02/11 v2.0o Standard LaTeX package
)
("C:\Users\synch\AppData\Local\Programs\MiKTeX 2.9\tex/latex/tikz-cd\tikz-cd.st
y"
Package: tikz-cd 2018/11/19 v0.9f Commutative diagrams with TikZ

("C:\Users\synch\AppData\Local\Programs\MiKTeX 2.9\tex/latex/pgf/frontendlayer\
tikz.sty"
("C:\Users\synch\AppData\Local\Programs\MiKTeX 2.9\tex/latex/pgf/utilities\pgff
or.sty"
("C:\Users\synch\AppData\Local\Programs\MiKTeX 2.9\tex/latex/pgf/utilities\pgfk
eys.sty"
("C:\Users\synch\AppData\Local\Programs\MiKTeX 2.9\tex/generic/pgf/utilities\pg
fkeys.code.tex"))
("C:\Users\synch\AppData\Local\Programs\MiKTeX 2.9\tex/latex/pgf/math\pgfmath.s
ty"
("C:\Users\synch\AppData\Local\Programs\MiKTeX 2.9\tex/generic/pgf/math\pgfmath
.code.tex"))
("C:\Users\synch\AppData\Local\Programs\MiKTeX 2.9\tex/generic/pgf/utilities\pg
ffor.code.tex"
Package: pgffor 2020/01/08 v3.1.5b (3.1.5b)

("C:\Users\synch\AppData\Local\Programs\MiKTeX 2.9\tex/generic/pgf/math\pgfmath
.code.tex")
\pgffor@iter=\dimen275
\pgffor@skip=\dimen276
\pgffor@stack=\toks34
\pgffor@toks=\toks35
))
("C:\Users\synch\AppData\Local\Programs\MiKTeX 2.9\tex/generic/pgf/frontendlaye
r/tikz\tikz.code.tex"
Package: tikz 2020/01/08 v3.1.5b (3.1.5b)

("C:\Users\synch\AppData\Local\Programs\MiKTeX 2.9\tex/generic/pgf/libraries\pg
flibraryplothandlers.code.tex"
File: pgflibraryplothandlers.code.tex 2020/01/08 v3.1.5b (3.1.5b)
\pgf@plot@mark@count=\count285
\pgfplotmarksize=\dimen277
)
\tikz@lastx=\dimen278
\tikz@lasty=\dimen279
\tikz@lastxsaved=\dimen280
\tikz@lastysaved=\dimen281
\tikz@lastmovetox=\dimen282
\tikz@lastmovetoy=\dimen283
\tikzleveldistance=\dimen284
\tikzsiblingdistance=\dimen285
\tikz@figbox=\box65
\tikz@figbox@bg=\box66
\tikz@tempbox=\box67
\tikz@tempbox@bg=\box68
\tikztreelevel=\count286
\tikznumberofchildren=\count287
\tikznumberofcurrentchild=\count288
\tikz@fig@count=\count289

("C:\Users\synch\AppData\Local\Programs\MiKTeX 2.9\tex/generic/pgf/modules\pgfm
odulematrix.code.tex"
File: pgfmodulematrix.code.tex 2020/01/08 v3.1.5b (3.1.5b)
\pgfmatrixcurrentrow=\count290
\pgfmatrixcurrentcolumn=\count291
\pgf@matrix@numberofcolumns=\count292
)
\tikz@expandcount=\count293

("C:\Users\synch\AppData\Local\Programs\MiKTeX 2.9\tex/generic/pgf/frontendlaye
r/tikz/libraries\tikzlibrarytopaths.code.tex"
File: tikzlibrarytopaths.code.tex 2020/01/08 v3.1.5b (3.1.5b)
)))
("C:\Users\synch\AppData\Local\Programs\MiKTeX 2.9\tex/latex/tikz-cd\tikzlibrar
ycd.code.tex"
("C:\Users\synch\AppData\Local\Programs\MiKTeX 2.9\tex/generic/pgf/frontendlaye
r/tikz/libraries\tikzlibrarymatrix.code.tex"
File: tikzlibrarymatrix.code.tex 2020/01/08 v3.1.5b (3.1.5b)
)
("C:\Users\synch\AppData\Local\Programs\MiKTeX 2.9\tex/generic/pgf/frontendlaye
r/tikz/libraries\tikzlibraryquotes.code.tex"
File: tikzlibraryquotes.code.tex 2020/01/08 v3.1.5b (3.1.5b)
)
("C:\Users\synch\AppData\Local\Programs\MiKTeX 2.9\tex/generic/pgf/libraries\pg
flibraryarrows.meta.code.tex"
File: pgflibraryarrows.meta.code.tex 2020/01/08 v3.1.5b (3.1.5b)
\pgfarrowinset=\dimen286
\pgfarrowlength=\dimen287
\pgfarrowwidth=\dimen288
\pgfarrowlinewidth=\dimen289
)))
("C:\Users\synch\AppData\Local\Programs\MiKTeX 2.9\tex/latex/amsmath\amsmath.st
y"
Package: amsmath 2020/01/20 v2.17e AMS math features
\@mathmargin=\skip72

For additional information on amsmath, use the `?' option.

("C:\Users\synch\AppData\Local\Programs\MiKTeX 2.9\tex/latex/amsmath\amstext.st
y"
Package: amstext 2000/06/29 v2.01 AMS text

("C:\Users\synch\AppData\Local\Programs\MiKTeX 2.9\tex/latex/amsmath\amsgen.sty
"
File: amsgen.sty 1999/11/30 v2.0 generic functions
\@emptytoks=\toks36
\ex@=\dimen290
))
("C:\Users\synch\AppData\Local\Programs\MiKTeX 2.9\tex/latex/amsmath\amsbsy.sty
"
Package: amsbsy 1999/11/29 v1.2d Bold Symbols
\pmbraise@=\dimen291
)
("C:\Users\synch\AppData\Local\Programs\MiKTeX 2.9\tex/latex/amsmath\amsopn.sty
"
Package: amsopn 2016/03/08 v2.02 operator names
)
\inf@bad=\count294
LaTeX Info: Redefining \frac on input line 227.
\uproot@=\count295
\leftroot@=\count296
LaTeX Info: Redefining \overline on input line 389.
\classnum@=\count297
\DOTSCASE@=\count298
LaTeX Info: Redefining \ldots on input line 486.
LaTeX Info: Redefining \dots on input line 489.
LaTeX Info: Redefining \cdots on input line 610.
\Mathstrutbox@=\box69
\strutbox@=\box70
\big@size=\dimen292
LaTeX Font Info:    Redeclaring font encoding OML on input line 733.
LaTeX Font Info:    Redeclaring font encoding OMS on input line 734.
\macc@depth=\count299
\c@MaxMatrixCols=\count300
\dotsspace@=\muskip17
\c@parentequation=\count301
\dspbrk@lvl=\count302
\tag@help=\toks37
\row@=\count303
\column@=\count304
\maxfields@=\count305
\andhelp@=\toks38
\eqnshift@=\dimen293
\alignsep@=\dimen294
\tagshift@=\dimen295
\tagwidth@=\dimen296
\totwidth@=\dimen297
\lineht@=\dimen298
\@envbody=\toks39
\multlinegap=\skip73
\multlinetaggap=\skip74
\mathdisplay@stack=\toks40
LaTeX Info: Redefining \[ on input line 2859.
LaTeX Info: Redefining \] on input line 2860.
)
("C:\Users\synch\AppData\Local\Programs\MiKTeX 2.9\tex/latex/amsfonts\amssymb.s
ty"
Package: amssymb 2013/01/14 v3.01 AMS font symbols

("C:\Users\synch\AppData\Local\Programs\MiKTeX 2.9\tex/latex/amsfonts\amsfonts.
sty"
Package: amsfonts 2013/01/14 v3.01 Basic AMSFonts support
\symAMSa=\mathgroup4
\symAMSb=\mathgroup5
LaTeX Font Info:    Redeclaring math symbol \hbar on input line 98.
LaTeX Font Info:    Overwriting math alphabet `\mathfrak' in version `bold'
(Font)                  U/euf/m/n --> U/euf/b/n on input line 106.
))
("C:\Users\synch\AppData\Local\Programs\MiKTeX 2.9\tex/latex/amscls\amsthm.sty"
Package: amsthm 2017/10/31 v2.20.4
\thm@style=\toks41
\thm@bodyfont=\toks42
\thm@headfont=\toks43
\thm@notefont=\toks44
\thm@headpunct=\toks45
\thm@preskip=\skip75
\thm@postskip=\skip76
\thm@headsep=\skip77
\dth@everypar=\toks46
)
("C:\Users\synch\AppData\Local\Programs\MiKTeX 2.9\tex/latex/jknappen\mathrsfs.
sty"
Package: mathrsfs 1996/01/01 Math RSFS package v1.0 (jk)
\symrsfs=\mathgroup6
)
("C:\Users\synch\AppData\Local\Programs\MiKTeX 2.9\tex/latex/doublestroke\dsfon
t.sty"
Package: dsfont 1995/08/01 v0.1 Double stroke roman fonts
)
("C:\Users\synch\AppData\Local\Programs\MiKTeX 2.9\tex/latex/biblatex\biblatex.
sty"
Package: biblatex 2019/12/01 v3.14 programmable bibliographies (PK/MW)

("C:\Users\synch\AppData\Local\Programs\MiKTeX 2.9\tex/latex/etoolbox\etoolbox.
sty"
Package: etoolbox 2019/09/21 v2.5h e-TeX tools for LaTeX (JAW)
\etb@tempcnta=\count306
)
("C:\Users\synch\AppData\Local\Programs\MiKTeX 2.9\tex/latex/logreq\logreq.sty"
Package: logreq 2010/08/04 v1.0 xml request logger
\lrq@indent=\count307
("C:\Users\synch\AppData\Local\Programs\MiKTeX 2.9\tex/latex/logreq\logreq.def"
File: logreq.def 2010/08/04 v1.0 logreq spec v1.0
))
\c@tabx@nest=\count308
\c@listtotal=\count309
\c@listcount=\count310
\c@liststart=\count311
\c@liststop=\count312
\c@citecount=\count313
\c@citetotal=\count314
\c@multicitecount=\count315
\c@multicitetotal=\count316
\c@instcount=\count317
\c@maxnames=\count318
\c@minnames=\count319
\c@maxitems=\count320
\c@minitems=\count321
\c@citecounter=\count322
\c@maxcitecounter=\count323
\c@savedcitecounter=\count324
\c@uniquelist=\count325
\c@uniquename=\count326
\c@refsection=\count327
\c@refsegment=\count328
\c@maxextratitle=\count329
\c@maxextratitleyear=\count330
\c@maxextraname=\count331
\c@maxextradate=\count332
\c@maxextraalpha=\count333
\c@abbrvpenalty=\count334
\c@highnamepenalty=\count335
\c@lownamepenalty=\count336
\c@maxparens=\count337
\c@parenlevel=\count338
\blx@tempcnta=\count339
\blx@tempcntb=\count340
\blx@tempcntc=\count341
\blx@maxsection=\count342
\blx@maxsegment@0=\count343
\blx@notetype=\count344
\blx@parenlevel@text=\count345
\blx@parenlevel@foot=\count346
\blx@sectionciteorder@0=\count347
\blx@entrysetcounter=\count348
\labelnumberwidth=\skip78
\labelalphawidth=\skip79
\biblabelsep=\skip80
\bibitemsep=\skip81
\bibnamesep=\skip82
\bibinitsep=\skip83
\bibparsep=\skip84
\bibhang=\skip85
\blx@bcfin=\read3
\blx@bcfout=\write4
\blx@langwohyphens=\language82
\c@mincomprange=\count349
\c@maxcomprange=\count350
\c@mincompwidth=\count351
Package biblatex Info: Trying to load biblatex default data model...
Package biblatex Info: ... file 'blx-dm.def' found.

("C:\Users\synch\AppData\Local\Programs\MiKTeX 2.9\tex/latex/biblatex\blx-dm.de
f"
File: blx-dm.def 2019/12/01 v3.14 biblatex localization (PK/MW)
)
Package biblatex Info: Trying to load biblatex style data model...
Package biblatex Info: ... file 'authoryear.dbx' not found.
Package biblatex Info: Trying to load biblatex custom data model...
Package biblatex Info: ... file 'biblatex-dm.cfg' not found.
\c@afterword=\count352
\c@savedafterword=\count353
\c@annotator=\count354
\c@savedannotator=\count355
\c@author=\count356
\c@savedauthor=\count357
\c@bookauthor=\count358
\c@savedbookauthor=\count359
\c@commentator=\count360
\c@savedcommentator=\count361
\c@editor=\count362
\c@savededitor=\count363
\c@editora=\count364
\c@savededitora=\count365
\c@editorb=\count366
\c@savededitorb=\count367
\c@editorc=\count368
\c@savededitorc=\count369
\c@foreword=\count370
\c@savedforeword=\count371
\c@holder=\count372
\c@savedholder=\count373
\c@introduction=\count374
\c@savedintroduction=\count375
\c@namea=\count376
\c@savednamea=\count377
\c@nameb=\count378
\c@savednameb=\count379
\c@namec=\count380
\c@savednamec=\count381
\c@translator=\count382
\c@savedtranslator=\count383
\c@shortauthor=\count384
\c@savedshortauthor=\count385
\c@shorteditor=\count386
\c@savedshorteditor=\count387
\c@labelname=\count388
\c@savedlabelname=\count389
\c@institution=\count390
\c@savedinstitution=\count391
\c@lista=\count392
\c@savedlista=\count393
\c@listb=\count394
\c@savedlistb=\count395
\c@listc=\count396
\c@savedlistc=\count397
\c@listd=\count398
\c@savedlistd=\count399
\c@liste=\count400
\c@savedliste=\count401
\c@listf=\count402
\c@savedlistf=\count403
\c@location=\count404
\c@savedlocation=\count405
\c@organization=\count406
\c@savedorganization=\count407
\c@origlocation=\count408
\c@savedoriglocation=\count409
\c@origpublisher=\count410
\c@savedorigpublisher=\count411
\c@publisher=\count412
\c@savedpublisher=\count413
\c@language=\count414
\c@savedlanguage=\count415
\c@origlanguage=\count416
\c@savedoriglanguage=\count417
\c@pageref=\count418
\c@savedpageref=\count419
\shorthandwidth=\skip86
\shortjournalwidth=\skip87
\shortserieswidth=\skip88
\shorttitlewidth=\skip89
\shortauthorwidth=\skip90
\shorteditorwidth=\skip91
\locallabelnumberwidth=\skip92
\locallabelalphawidth=\skip93
\localshorthandwidth=\skip94
\localshortjournalwidth=\skip95
\localshortserieswidth=\skip96
\localshorttitlewidth=\skip97
\localshortauthorwidth=\skip98
\localshorteditorwidth=\skip99
Package biblatex Info: Trying to load compatibility code...
Package biblatex Info: ... file 'blx-compat.def' found.

("C:\Users\synch\AppData\Local\Programs\MiKTeX 2.9\tex/latex/biblatex\blx-compa
t.def"
File: blx-compat.def 2019/12/01 v3.14 biblatex compatibility (PK/MW)
)
Package biblatex Info: Trying to load BibTeX backend compatibility...
Package biblatex Info: ... file 'blx-bibtex.def' found.

("C:\Users\synch\AppData\Local\Programs\MiKTeX 2.9\tex/latex/biblatex\blx-bibte
x.def"
File: blx-bibtex.def 2019/12/01 v3.14 biblatex compatibility (PK/MW)


Package biblatex Warning: Using fall-back BibTeX(8) backend:
(biblatex)                functionality may be reduced/unavailable.

)
Package biblatex Info: Trying to load generic definitions...
Package biblatex Info: ... file 'biblatex.def' found.

("C:\Users\synch\AppData\Local\Programs\MiKTeX 2.9\tex/latex/biblatex\biblatex.
def"
File: biblatex.def 2019/12/01 v3.14 biblatex compatibility (PK/MW)
\c@textcitecount=\count420
\c@textcitetotal=\count421
\c@textcitemaxnames=\count422
\c@biburlbigbreakpenalty=\count423
\c@biburlbreakpenalty=\count424
\c@biburlnumpenalty=\count425
\c@biburlucpenalty=\count426
\c@biburllcpenalty=\count427
\biburlbigskip=\muskip18
\biburlnumskip=\muskip19
\biburlucskip=\muskip20
\biburllcskip=\muskip21
\c@smartand=\count428
)
Package biblatex Info: Trying to load natbib compatibility...
Package biblatex Info: ... file 'blx-natbib.def' found.

("C:\Users\synch\AppData\Local\Programs\MiKTeX 2.9\tex/latex/biblatex\blx-natbi
b.def"
File: blx-natbib.def 2019/12/01 v3.14 biblatex compatibility (PK/MW)
Package biblatex Info: Delimiter 'nameyeardelim' in context '' already defined,
 overwriting.
)
Package biblatex Info: Trying to load bibliography style 'authoryear'...
Package biblatex Info: ... file 'authoryear.bbx' found.

("C:\Users\synch\AppData\Local\Programs\MiKTeX 2.9\tex/latex/biblatex/bbx\autho
ryear.bbx"
File: authoryear.bbx 2019/12/01 v3.14 biblatex bibliography style (PK/MW)
Package biblatex Info: Trying to load bibliography style 'standard'...
Package biblatex Info: ... file 'standard.bbx' found.

("C:\Users\synch\AppData\Local\Programs\MiKTeX 2.9\tex/latex/biblatex/bbx\stand
ard.bbx"
File: standard.bbx 2019/12/01 v3.14 biblatex bibliography style (PK/MW)
\c@bbx:relatedcount=\count429
\c@bbx:relatedtotal=\count430
))
Package biblatex Info: Trying to load citation style 'authoryear'...
Package biblatex Info: ... file 'authoryear.cbx' found.

("C:\Users\synch\AppData\Local\Programs\MiKTeX 2.9\tex/latex/biblatex/cbx\autho
ryear.cbx"
File: authoryear.cbx 2019/12/01 v3.14 biblatex citation style (PK/MW)
Package biblatex Info: Redefining '\cite'.
Package biblatex Info: Redefining '\parencite'.
Package biblatex Info: Redefining '\footcite'.
Package biblatex Info: Redefining '\footcitetext'.
Package biblatex Info: Redefining '\smartcite'.
Package biblatex Info: Redefining '\textcite'.
Package biblatex Info: Redefining '\textcites'.
)
Package biblatex Info: Trying to load configuration file...
Package biblatex Info: ... file 'biblatex.cfg' found.

("C:\Users\synch\AppData\Local\Programs\MiKTeX 2.9\tex/latex/biblatex\biblatex.
cfg"
File: biblatex.cfg 
))
("C:\Users\synch\AppData\Local\Programs\MiKTeX 2.9\tex/latex/csquotes\csquotes.
sty"
Package: csquotes 2019-12-06 v5.2j context-sensitive quotations (JAW)
\csq@reset=\count431
\csq@gtype=\count432
\csq@glevel=\count433
\csq@qlevel=\count434
\csq@maxlvl=\count435
\csq@tshold=\count436
\csq@ltx@everypar=\toks47

("C:\Users\synch\AppData\Local\Programs\MiKTeX 2.9\tex/latex/csquotes\csquotes.
def"
File: csquotes.def 2019-12-06 v5.2j csquotes generic definitions (JAW)
)
Package csquotes Info: Trying to load configuration file 'csquotes.cfg'...
Package csquotes Info: ... configuration file loaded successfully.

("C:\Users\synch\AppData\Local\Programs\MiKTeX 2.9\tex/latex/csquotes\csquotes.
cfg"
File: csquotes.cfg 
)
Package csquotes Info: Enabling multilingual quotes.
)
("C:\Users\synch\AppData\Local\Programs\MiKTeX 2.9\tex/latex/setspace\setspace.
sty"
Package: setspace 2011/12/19 v6.7a set line spacing
)
Package csquotes Info: Checking for multilingual support...
Package csquotes Info: ... none found.


Package csquotes Warning: No multilingual support.
(csquotes)                Cannot enable multilingual quotes on input line 118.


("C:\Users\synch\AppData\Local\Programs\MiKTeX 2.9\tex/latex/l3backend\l3backen
d-pdfmode.def"
File: l3backend-pdfmode.def 2020-02-21 L3 backend support: PDF mode
\l__kernel_color_stack_int=\count437
\l__pdf_internal_box=\box71
)
(Revisions2_Supplementary_file_Lato_Golding_Location_of_Substitutions.aux)
\openout1 = `Revisions2_Supplementary_file_Lato_Golding_Location_of_Substitutio
ns.aux'.

LaTeX Font Info:    Checking defaults for OML/cmm/m/it on input line 118.
LaTeX Font Info:    ... okay on input line 118.
LaTeX Font Info:    Checking defaults for OMS/cmsy/m/n on input line 118.
LaTeX Font Info:    ... okay on input line 118.
LaTeX Font Info:    Checking defaults for OT1/cmr/m/n on input line 118.
LaTeX Font Info:    ... okay on input line 118.
LaTeX Font Info:    Checking defaults for T1/cmr/m/n on input line 118.
LaTeX Font Info:    ... okay on input line 118.
LaTeX Font Info:    Checking defaults for TS1/cmr/m/n on input line 118.
LaTeX Font Info:    ... okay on input line 118.
LaTeX Font Info:    Checking defaults for OMX/cmex/m/n on input line 118.
LaTeX Font Info:    ... okay on input line 118.
LaTeX Font Info:    Checking defaults for U/cmr/m/n on input line 118.
LaTeX Font Info:    ... okay on input line 118.
LaTeX Font Info:    Checking defaults for PD1/pdf/m/n on input line 118.
LaTeX Font Info:    ... okay on input line 118.

("C:\Users\synch\AppData\Local\Programs\MiKTeX 2.9\tex/context/base/mkii\supp-p
df.mkii"
[Loading MPS to PDF converter (version 2006.09.02).]
\scratchcounter=\count438
\scratchdimen=\dimen299
\scratchbox=\box72
\nofMPsegments=\count439
\nofMParguments=\count440
\everyMPshowfont=\toks48
\MPscratchCnt=\count441
\MPscratchDim=\dimen300
\MPnumerator=\count442
\makeMPintoPDFobject=\count443
\everyMPtoPDFconversion=\toks49
)
("C:\Users\synch\AppData\Local\Programs\MiKTeX 2.9\tex/latex/epstopdf-pkg\epsto
pdf-base.sty"
Package: epstopdf-base 2020-01-24 v2.11 Base part for package epstopdf
Package epstopdf-base Info: Redefining graphics rule for `.eps' on input line 4
85.
)
*geometry* driver: auto-detecting
*geometry* detected driver: pdftex
*geometry* verbose mode - [ preamble ] result:
* driver: pdftex
* paper: <default>
* layout: <same size as paper>
* layoutoffset:(h,v)=(0.0pt,0.0pt)
* modes: 
* h-part:(L,W,R)=(54.2025pt, 505.89pt, 54.2025pt)
* v-part:(T,H,B)=(54.2025pt, 686.56499pt, 54.2025pt)
* \paperwidth=614.295pt
* \paperheight=794.96999pt
* \textwidth=505.89pt
* \textheight=686.56499pt
* \oddsidemargin=-18.06749pt
* \evensidemargin=-18.06749pt
* \topmargin=-55.06749pt
* \headheight=15.2pt
* \headsep=13.0pt
* \topskip=11.0pt
* \footskip=30.0pt
* \marginparwidth=59.0pt
* \marginparsep=10.0pt
* \columnsep=10.0pt
* \skip\footins=10.0pt plus 4.0pt minus 2.0pt
* \hoffset=0.0pt
* \voffset=0.0pt
* \mag=1000
* \@twocolumnfalse
* \@twosidefalse
* \@mparswitchfalse
* \@reversemarginfalse
* (1in=72.27pt=25.4mm, 1cm=28.453pt)

Package caption Info: Begin \AtBeginDocument code.
Package caption Info: hyperref package is loaded.
Package caption Info: longtable package is loaded.

("C:\Users\synch\AppData\Local\Programs\MiKTeX 2.9\tex/latex/caption\ltcaption.
sty"
Package: ltcaption 2018/08/26 v1.4a longtable captions (AR)
)
Package caption Info: End \AtBeginDocument code.
\AtBeginShipoutBox=\box73
Package hyperref Info: Link coloring OFF on input line 118.

("C:\Users\synch\AppData\Local\Programs\MiKTeX 2.9\tex/latex/hyperref\nameref.s
ty"
Package: nameref 2019/09/16 v2.46 Cross-referencing by name of section

("C:\Users\synch\AppData\Local\Programs\MiKTeX 2.9\tex/latex/refcount\refcount.
sty"
Package: refcount 2019/12/15 v3.6 Data extraction from label references (HO)
)
("C:\Users\synch\AppData\Local\Programs\MiKTeX 2.9\tex/generic/gettitlestring\g
ettitlestring.sty"
Package: gettitlestring 2019/12/15 v1.6 Cleanup title references (HO)
)
\c@section@level=\count444
)
LaTeX Info: Redefining \ref on input line 118.
LaTeX Info: Redefining \pageref on input line 118.
LaTeX Info: Redefining \nameref on input line 118.

(Revisions2_Supplementary_file_Lato_Golding_Location_of_Substitutions.out)
(Revisions2_Supplementary_file_Lato_Golding_Location_of_Substitutions.out)
\@outlinefile=\write5
\openout5 = `Revisions2_Supplementary_file_Lato_Golding_Location_of_Substitutio
ns.out'.


("C:\Users\synch\AppData\Local\Programs\MiKTeX 2.9\tex/latex/pdflscape\pdflscap
e.sty"
Package: pdflscape 2019/12/05 v0.12 Display of landscape pages in PDF (HO)

("C:\Users\synch\AppData\Local\Programs\MiKTeX 2.9\tex/latex/graphics\lscape.st
y"
Package: lscape 2000/10/22 v3.01 Landscape Pages (DPC)
)
Package pdflscape Info: Auto-detected driver: pdftex on input line 81.
) ABD: EveryShipout initializing macros
Package biblatex Info: Trying to load language 'english'...
Package biblatex Info: ... file 'english.lbx' found.

("C:\Users\synch\AppData\Local\Programs\MiKTeX 2.9\tex/latex/biblatex/lbx\engli
sh.lbx"
File: english.lbx 2019/12/01 v3.14 biblatex localization (PK/MW)
)
Package biblatex Info: Input encoding 'utf8' detected.
Package biblatex Info: Automatic encoding selection.
(biblatex)             Assuming data encoding 'utf8'.
Package biblatex Info: Input encoding 'utf8' specified.
Package biblatex Info: Data encoding 'utf8' specified.
(biblatex)             No need to reencode data.
\openout4 = `Revisions2_Supplementary_file_Lato_Golding_Location_of_Substitutio
ns-blx.bib'.

Package biblatex Info: Trying to load bibliographic data...
Package biblatex Info: ... file 'Revisions2_Supplementary_file_Lato_Golding_Loc
ation_of_Substitutions.bbl' found.

(Revisions2_Supplementary_file_Lato_Golding_Location_of_Substitutions.bbl)
Package biblatex Info: Reference section=0 on input line 118.
Package biblatex Info: Reference segment=0 on input line 118.
LaTeX Font Info:    Trying to load font information for T1+cmtt on input line 1
41.

("C:\Users\synch\AppData\Local\Programs\MiKTeX 2.9\tex/latex/base\t1cmtt.fd"
File: t1cmtt.fd 2019/12/16 v2.5j Standard LaTeX font definitions
)
LaTeX Font Info:    Trying to load font information for U+msa on input line 141
.

("C:\Users\synch\AppData\Local\Programs\MiKTeX 2.9\tex/latex/amsfonts\umsa.fd"
File: umsa.fd 2013/01/14 v3.01 AMS symbols A
)
LaTeX Font Info:    Trying to load font information for U+msb on input line 141
.
("C:\Users\synch\AppData\Local\Programs\MiKTeX 2.9\tex/latex/amsfonts\umsb.fd"
File: umsb.fd 2013/01/14 v3.01 AMS symbols B
)
LaTeX Font Info:    Trying to load font information for U+rsfs on input line 14
1.
("C:\Users\synch\AppData\Local\Programs\MiKTeX 2.9\tex/latex/jknappen\ursfs.fd"
File: ursfs.fd 1998/03/24 rsfs font definition file (jk)
)
Overfull \hbox (65.66428pt too wide) in paragraph at lines 257--257
[][] 
 []

[1{C:/Users/synch/AppData/Local/MiKTeX/2.9/pdftex/config/pdftex.map}

] [2]
<./figs/6_strep_strains_mauve_aln_pic.jpg, id=102, 765.86125pt x 729.72626pt>
File: ./figs/6_strep_strains_mauve_aln_pic.jpg Graphic file (type jpg)
<use ./figs/6_strep_strains_mauve_aln_pic.jpg>
Package pdftex.def Info: ./figs/6_strep_strains_mauve_aln_pic.jpg  used on inpu
t line 285.
(pdftex.def)             Requested size: 505.89pt x 482.02168pt.

[3]
<./figs/mauve_time_plot.pdf, id=112, 505.89pt x 505.89pt>
File: ./figs/mauve_time_plot.pdf Graphic file (type pdf)
<use ./figs/mauve_time_plot.pdf>
Package pdftex.def Info: ./figs/mauve_time_plot.pdf  used on input line 292.
(pdftex.def)             Requested size: 258.00111pt x 258.00047pt.
 [4 <./figs/6_strep_strains_mauve_aln_pic.jpg>]
LaTeX Font Info:    Font shape `T1/cmtt/bx/n' in size <12> not available
(Font)              Font shape `T1/cmtt/m/n' tried instead on input line 298.
<./figs/Bacillus_alignment_mauve.jpg, id=117, 1924.18875pt x 1079.03125pt>
File: ./figs/Bacillus_alignment_mauve.jpg Graphic file (type jpg)
<use ./figs/Bacillus_alignment_mauve.jpg>
Package pdftex.def Info: ./figs/Bacillus_alignment_mauve.jpg  used on input lin
e 301.
(pdftex.def)             Requested size: 505.89pt x 283.68626pt.
 [5 <./figs/mauve_time_plot.pdf>]
Overfull \hbox (9.73409pt too wide) in paragraph at lines 307--311
\T1/cmr/m/n/10 for-mat of this seg-ment of the align-ment can be found on \T1/c
mtt/m/n/10 GitHub \T1/cmr/m/n/10 la-belled as file \T1/cmtt/m/n/10 ``poor_ecoli
_alignment_example.fna''\T1/cmr/m/n/10 . 
 []

<./figs/Ecoli_poor_alignment_example.png, id=135, 862.422pt x 437.83575pt>
File: ./figs/Ecoli_poor_alignment_example.png Graphic file (type png)
<use ./figs/Ecoli_poor_alignment_example.png>
Package pdftex.def Info: ./figs/Ecoli_poor_alignment_example.png  used on input
 line 319.
(pdftex.def)             Requested size: 455.2979pt x 231.14993pt.
[6 <./figs/Bacillus_alignment_mauve.jpg>]
<./figs/Ecoli_chrom_ref_tree_figtree_raw_29Aug20.pdf, id=149, 1293.83376pt x 67
7.53125pt>
File: ./figs/Ecoli_chrom_ref_tree_figtree_raw_29Aug20.pdf Graphic file (type pd
f)
<use ./figs/Ecoli_chrom_ref_tree_figtree_raw_29Aug20.pdf>
Package pdftex.def Info: ./figs/Ecoli_chrom_ref_tree_figtree_raw_29Aug20.pdf  u
sed on input line 345.
(pdftex.def)             Requested size: 354.12144pt x 185.43774pt.
<./figs/bass_chrom_ref_tree_figtree_raw_29Aug20.pdf, id=150, 1293.83376pt x 135
5.0625pt>
File: ./figs/bass_chrom_ref_tree_figtree_raw_29Aug20.pdf Graphic file (type pdf
)
<use ./figs/bass_chrom_ref_tree_figtree_raw_29Aug20.pdf>
Package pdftex.def Info: ./figs/bass_chrom_ref_tree_figtree_raw_29Aug20.pdf  us
ed on input line 351.
(pdftex.def)             Requested size: 303.53708pt x 317.90215pt.
 [7 <./figs/Ecoli_poor_alignment_example.png>]
<./figs/Strep_chrom_figtree_raw_11Sep20.pdf, id=157, 1293.83376pt x 758.835pt>
File: ./figs/Strep_chrom_figtree_raw_11Sep20.pdf Graphic file (type pdf)
<use ./figs/Strep_chrom_figtree_raw_11Sep20.pdf>
Package pdftex.def Info: ./figs/Strep_chrom_figtree_raw_11Sep20.pdf  used on in
put line 359.
(pdftex.def)             Requested size: 354.12144pt x 207.69028pt.
<./figs/SinoC_chrom_figtree_raw_11Sep20.pdf, id=158, 1293.83376pt x 877.2775pt>

File: ./figs/SinoC_chrom_figtree_raw_11Sep20.pdf Graphic file (type pdf)
<use ./figs/SinoC_chrom_figtree_raw_11Sep20.pdf>
Package pdftex.def Info: ./figs/SinoC_chrom_figtree_raw_11Sep20.pdf  used on in
put line 364.
(pdftex.def)             Requested size: 354.12144pt x 240.10754pt.
 [8 <./figs/Ecoli_chrom_ref_tree_figtree_raw_29Aug20.pdf> <./figs/bass_chrom_re
f_tree_figtree_raw_29Aug20.pdf>]
<./figs/pSymA_chrom_figtree_raw_29Aug20.pdf, id=178, 1293.83376pt x 722.7pt>
File: ./figs/pSymA_chrom_figtree_raw_29Aug20.pdf Graphic file (type pdf)
<use ./figs/pSymA_chrom_figtree_raw_29Aug20.pdf>
Package pdftex.def Info: ./figs/pSymA_chrom_figtree_raw_29Aug20.pdf  used on in
put line 371.
(pdftex.def)             Requested size: 354.12144pt x 197.80026pt.
<./figs/pSymB_chrom_figtree_raw_29Aug20.pdf, id=179, 1293.83376pt x 677.53125pt
>
File: ./figs/pSymB_chrom_figtree_raw_29Aug20.pdf Graphic file (type pdf)
<use ./figs/pSymB_chrom_figtree_raw_29Aug20.pdf>
Package pdftex.def Info: ./figs/pSymB_chrom_figtree_raw_29Aug20.pdf  used on in
put line 377.
(pdftex.def)             Requested size: 354.12144pt x 185.43774pt.

Overfull \hbox (22.81396pt too wide) in paragraph at lines 392--404
 [] 
 []

[9 <./figs/Strep_chrom_figtree_raw_11Sep20.pdf> <./figs/SinoC_chrom_figtree_raw
_11Sep20.pdf>] [10 <./figs/pSymA_chrom_figtree_raw_29Aug20.pdf> <./figs/pSymB_c
hrom_figtree_raw_29Aug20.pdf>] [11]
\IBox=\box74
<./figs/genomic_position_clustering_example_fig.pdf, id=236, 364.19562pt x 273.
14648pt>
File: ./figs/genomic_position_clustering_example_fig.pdf Graphic file (type pdf
)
<use ./figs/genomic_position_clustering_example_fig.pdf>
Package pdftex.def Info: ./figs/genomic_position_clustering_example_fig.pdf  us
ed on input line 478.
(pdftex.def)             Requested size: 182.09737pt x 136.5729pt.
\xL=\skip100
\yL=\skip101
\xR=\skip102
\yR=\skip103
File: ./figs/genomic_position_clustering_example_fig.pdf Graphic file (type pdf
)
<use ./figs/genomic_position_clustering_example_fig.pdf>
Package pdftex.def Info: ./figs/genomic_position_clustering_example_fig.pdf  us
ed on input line 490.
(pdftex.def)             Requested size: 364.19383pt x 142.03665pt.
 [12 <./figs/genomic_position_clustering_example_fig.pdf>] [13]
<./figs/Bacillus_high_substitutions_gene_example_nucleotide_alignment.pdf, id=2
73, 597.23125pt x 845.1575pt>
File: ./figs/Bacillus_high_substitutions_gene_example_nucleotide_alignment.pdf 
Graphic file (type pdf)
<use ./figs/Bacillus_high_substitutions_gene_example_nucleotide_alignment.pdf>
Package pdftex.def Info: ./figs/Bacillus_high_substitutions_gene_example_nucleo
tide_alignment.pdf  used on input line 575.
(pdftex.def)             Requested size: 455.2979pt x 644.31238pt.
 [14]
Overfull \vbox (6.94739pt too high) has occurred while \output is active []


[15 <./figs/Bacillus_high_substitutions_gene_example_nucleotide_alignment.pdf>]
<./figs/Bacillus_high_substitutions_gene_example_protein_alignment.pdf, id=291,
 597.23125pt x 845.1575pt>
File: ./figs/Bacillus_high_substitutions_gene_example_protein_alignment.pdf Gra
phic file (type pdf)
<use ./figs/Bacillus_high_substitutions_gene_example_protein_alignment.pdf>
Package pdftex.def Info: ./figs/Bacillus_high_substitutions_gene_example_protei
n_alignment.pdf  used on input line 583.
(pdftex.def)             Requested size: 455.2979pt x 644.31238pt.

Overfull \vbox (6.94739pt too high) has occurred while \output is active []


[16 <./figs/Bacillus_high_substitutions_gene_example_protein_alignment.pdf>]
Underfull \vbox (badness 10000) detected at line 613
 []


LaTeX Warning: `h' float specifier changed to `ht'.


LaTeX Warning: `h' float specifier changed to `ht'.


LaTeX Warning: `h' float specifier changed to `ht'.

[17]
<./figs/ecoli_10KB_weighted_subs_nonpar_23Sep20.pdf, id=319, 505.89pt x 505.89p
t>
File: ./figs/ecoli_10KB_weighted_subs_nonpar_23Sep20.pdf Graphic file (type pdf
)
<use ./figs/ecoli_10KB_weighted_subs_nonpar_23Sep20.pdf>
Package pdftex.def Info: ./figs/ecoli_10KB_weighted_subs_nonpar_23Sep20.pdf  us
ed on input line 779.
(pdftex.def)             Requested size: 505.89pt x 505.89645pt.


LaTeX Warning: `h' float specifier changed to `ht'.

<./figs/bass_10KB_weighted_subs_nonpar_22Sep20.pdf, id=320, 505.89pt x 505.89pt
>
File: ./figs/bass_10KB_weighted_subs_nonpar_22Sep20.pdf Graphic file (type pdf)

<use ./figs/bass_10KB_weighted_subs_nonpar_22Sep20.pdf>
Package pdftex.def Info: ./figs/bass_10KB_weighted_subs_nonpar_22Sep20.pdf  use
d on input line 786.
(pdftex.def)             Requested size: 505.89pt x 505.89645pt.

LaTeX Warning: `h' float specifier changed to `ht'.

<./figs/strep_10KB_weighted_subs_nonpar_14Nov20.pdf, id=321, 505.89pt x 505.89p
t>
File: ./figs/strep_10KB_weighted_subs_nonpar_14Nov20.pdf Graphic file (type pdf
)
<use ./figs/strep_10KB_weighted_subs_nonpar_14Nov20.pdf>
Package pdftex.def Info: ./figs/strep_10KB_weighted_subs_nonpar_14Nov20.pdf  us
ed on input line 793.
(pdftex.def)             Requested size: 505.89pt x 505.89645pt.

LaTeX Warning: `h' float specifier changed to `ht'.

<./figs/sinoC_10KB_weighted_subs_nonpar_22Sep20.pdf, id=322, 505.89pt x 505.89p
t>
File: ./figs/sinoC_10KB_weighted_subs_nonpar_22Sep20.pdf Graphic file (type pdf
)
<use ./figs/sinoC_10KB_weighted_subs_nonpar_22Sep20.pdf>
Package pdftex.def Info: ./figs/sinoC_10KB_weighted_subs_nonpar_22Sep20.pdf  us
ed on input line 801.
(pdftex.def)             Requested size: 505.89pt x 505.89645pt.

LaTeX Warning: `h' float specifier changed to `ht'.

<./figs/pSymA_10KB_weighted_subs_nonpar_22Sep20.pdf, id=323, 505.89pt x 505.89p
t>
File: ./figs/pSymA_10KB_weighted_subs_nonpar_22Sep20.pdf Graphic file (type pdf
)
<use ./figs/pSymA_10KB_weighted_subs_nonpar_22Sep20.pdf>
Package pdftex.def Info: ./figs/pSymA_10KB_weighted_subs_nonpar_22Sep20.pdf  us
ed on input line 808.
(pdftex.def)             Requested size: 505.89pt x 505.89645pt.

LaTeX Warning: `h' float specifier changed to `ht'.

<./figs/pSymB_10KB_weighted_subs_nonpar_22Sep20.pdf, id=324, 505.89pt x 505.89p
t>
File: ./figs/pSymB_10KB_weighted_subs_nonpar_22Sep20.pdf Graphic file (type pdf
)
<use ./figs/pSymB_10KB_weighted_subs_nonpar_22Sep20.pdf>
Package pdftex.def Info: ./figs/pSymB_10KB_weighted_subs_nonpar_22Sep20.pdf  us
ed on input line 815.
(pdftex.def)             Requested size: 505.89pt x 505.89645pt.

LaTeX Warning: `h' float specifier changed to `ht'.

[18]

LaTeX Warning: `h' float specifier changed to `ht'.

[19]

LaTeX Warning: Float too large for page by 38.6702pt on input line 922.


LaTeX Warning: `h' float specifier changed to `ht'.


LaTeX Warning: Float too large for page by 38.6702pt on input line 966.


LaTeX Warning: `h' float specifier changed to `ht'.

[20]

LaTeX Warning: `h' float specifier changed to `ht'.



pdfTeX warning: pdflatex.exe (file ./figs/Bacillus_high_ds_gene_alignment.pdf):
 PDF inclusion: found PDF version <1.7>, but at most version <1.5> allowed
<./figs/Bacillus_high_ds_gene_alignment.pdf, id=364, 614.295pt x 794.97pt>
File: ./figs/Bacillus_high_ds_gene_alignment.pdf Graphic file (type pdf)
<use ./figs/Bacillus_high_ds_gene_alignment.pdf>
Package pdftex.def Info: ./figs/Bacillus_high_ds_gene_alignment.pdf  used on in
put line 1005.
(pdftex.def)             Requested size: 614.29349pt x 794.96806pt.


pdfTeX warning: pdflatex.exe (file ./figs/Bacillus_high_ds_gene_alignment.pdf):
 PDF inclusion: found PDF version <1.7>, but at most version <1.5> allowed
File: ./figs/Bacillus_high_ds_gene_alignment.pdf Graphic file (type pdf)
<use ./figs/Bacillus_high_ds_gene_alignment.pdf>
Package pdftex.def Info: ./figs/Bacillus_high_ds_gene_alignment.pdf  used on in
put line 1005.
(pdftex.def)             Requested size: 614.29349pt x 794.96806pt.


pdfTeX warning: pdflatex.exe (file ./figs/Bacillus_high_ds_gene_alignment.pdf):
 PDF inclusion: found PDF version <1.7>, but at most version <1.5> allowed


pdfTeX warning: pdflatex.exe (file ./figs/Bacillus_high_ds_gene_alignment.pdf):
 PDF inclusion: found PDF version <1.7>, but at most version <1.5> allowed
<./figs/Bacillus_high_ds_gene_alignment.pdf, id=367, page=1, 614.295pt x 794.97
pt>
File: ./figs/Bacillus_high_ds_gene_alignment.pdf Graphic file (type pdf)
<use ./figs/Bacillus_high_ds_gene_alignment.pdf, page 1>
Package pdftex.def Info: ./figs/Bacillus_high_ds_gene_alignment.pdf , page1 use
d on input line 1005.
(pdftex.def)             Requested size: 614.29349pt x 794.96806pt.
File: ./figs/Bacillus_high_ds_gene_alignment.pdf Graphic file (type pdf)
<use ./figs/Bacillus_high_ds_gene_alignment.pdf, page 1>
Package pdftex.def Info: ./figs/Bacillus_high_ds_gene_alignment.pdf , page1 use
d on input line 1005.
(pdftex.def)             Requested size: 602.00499pt x 779.06529pt.
[21]
File: ./figs/Bacillus_high_ds_gene_alignment.pdf Graphic file (type pdf)
<use ./figs/Bacillus_high_ds_gene_alignment.pdf, page 1>
Package pdftex.def Info: ./figs/Bacillus_high_ds_gene_alignment.pdf , page1 use
d on input line 1005.
(pdftex.def)             Requested size: 602.00499pt x 779.06529pt.
File: ./figs/Bacillus_high_ds_gene_alignment.pdf Graphic file (type pdf)
<use ./figs/Bacillus_high_ds_gene_alignment.pdf, page 1>
Package pdftex.def Info: ./figs/Bacillus_high_ds_gene_alignment.pdf , page1 use
d on input line 1005.
(pdftex.def)             Requested size: 602.00499pt x 779.06529pt.
File: ./figs/Bacillus_high_ds_gene_alignment.pdf Graphic file (type pdf)
<use ./figs/Bacillus_high_ds_gene_alignment.pdf, page 1>
Package pdftex.def Info: ./figs/Bacillus_high_ds_gene_alignment.pdf , page1 use
d on input line 1005.
(pdftex.def)             Requested size: 602.00499pt x 779.06529pt.
 [22 <./figs/Bacillus_high_ds_gene_alignment.pdf>]

pdfTeX warning: pdflatex.exe (file ./figs/Bacillus_high_ds_gene_alignment.pdf):
 PDF inclusion: found PDF version <1.7>, but at most version <1.5> allowed
<./figs/Bacillus_high_ds_gene_alignment.pdf, id=385, page=2, 614.295pt x 794.97
pt>
File: ./figs/Bacillus_high_ds_gene_alignment.pdf Graphic file (type pdf)
<use ./figs/Bacillus_high_ds_gene_alignment.pdf, page 2>
Package pdftex.def Info: ./figs/Bacillus_high_ds_gene_alignment.pdf , page2 use
d on input line 1005.
(pdftex.def)             Requested size: 602.00499pt x 779.06529pt.
File: ./figs/Bacillus_high_ds_gene_alignment.pdf Graphic file (type pdf)
<use ./figs/Bacillus_high_ds_gene_alignment.pdf, page 2>
Package pdftex.def Info: ./figs/Bacillus_high_ds_gene_alignment.pdf , page2 use
d on input line 1005.
(pdftex.def)             Requested size: 602.00499pt x 779.06529pt.
File: ./figs/Bacillus_high_ds_gene_alignment.pdf Graphic file (type pdf)
<use ./figs/Bacillus_high_ds_gene_alignment.pdf, page 2>
Package pdftex.def Info: ./figs/Bacillus_high_ds_gene_alignment.pdf , page2 use
d on input line 1005.
(pdftex.def)             Requested size: 602.00499pt x 779.06529pt.
[23 <./figs/Bacillus_high_ds_gene_alignment.pdf>]

pdfTeX warning: pdflatex.exe (file ./figs/Bacillus_high_ds_gene_alignment.pdf):
 PDF inclusion: found PDF version <1.7>, but at most version <1.5> allowed
<./figs/Bacillus_high_ds_gene_alignment.pdf, id=390, page=3, 614.295pt x 794.97
pt>
File: ./figs/Bacillus_high_ds_gene_alignment.pdf Graphic file (type pdf)
<use ./figs/Bacillus_high_ds_gene_alignment.pdf, page 3>
Package pdftex.def Info: ./figs/Bacillus_high_ds_gene_alignment.pdf , page3 use
d on input line 1005.
(pdftex.def)             Requested size: 602.00499pt x 779.06529pt.
File: ./figs/Bacillus_high_ds_gene_alignment.pdf Graphic file (type pdf)
<use ./figs/Bacillus_high_ds_gene_alignment.pdf, page 3>
Package pdftex.def Info: ./figs/Bacillus_high_ds_gene_alignment.pdf , page3 use
d on input line 1005.
(pdftex.def)             Requested size: 602.00499pt x 779.06529pt.
File: ./figs/Bacillus_high_ds_gene_alignment.pdf Graphic file (type pdf)
<use ./figs/Bacillus_high_ds_gene_alignment.pdf, page 3>
Package pdftex.def Info: ./figs/Bacillus_high_ds_gene_alignment.pdf , page3 use
d on input line 1005.
(pdftex.def)             Requested size: 602.00499pt x 779.06529pt.
[24 <./figs/Bacillus_high_ds_gene_alignment.pdf>]

Package hyperref Warning: Token not allowed in a PDF string (PDFDocEncoding):
(hyperref)                removing `math shift' on input line 1008.


Package hyperref Warning: Token not allowed in a PDF string (PDFDocEncoding):
(hyperref)                removing `\omega' on input line 1008.


Package hyperref Warning: Token not allowed in a PDF string (PDFDocEncoding):
(hyperref)                removing `math shift' on input line 1008.


Package hyperref Warning: Token not allowed in a PDF string (PDFDocEncoding):
(hyperref)                removing `math shift' on input line 1013.


Package hyperref Warning: Token not allowed in a PDF string (PDFDocEncoding):
(hyperref)                removing `\omega' on input line 1013.


Package hyperref Warning: Token not allowed in a PDF string (PDFDocEncoding):
(hyperref)                removing `math shift' on input line 1013.


LaTeX Warning: `h' float specifier changed to `ht'.

<./figs/ALL_BAC_dN_dS_omega_violinplots_22Sep20.pdf, id=396, 505.89pt x 505.89p
t>
File: ./figs/ALL_BAC_dN_dS_omega_violinplots_22Sep20.pdf Graphic file (type pdf
)
<use ./figs/ALL_BAC_dN_dS_omega_violinplots_22Sep20.pdf>
Package pdftex.def Info: ./figs/ALL_BAC_dN_dS_omega_violinplots_22Sep20.pdf  us
ed on input line 1122.
(pdftex.def)             Requested size: 505.89pt x 505.89645pt.

LaTeX Warning: `h' float specifier changed to `ht'.


LaTeX Warning: `h' float specifier changed to `ht'.


LaTeX Warning: `h' float specifier changed to `ht'.

[25] [26 <./figs/ecoli_10KB_weighted_subs_nonpar_23Sep20.pdf>] [27 <./figs/bass
_10KB_weighted_subs_nonpar_22Sep20.pdf>] [28 <./figs/strep_10KB_weighted_subs_n
onpar_14Nov20.pdf>] [29 <./figs/sinoC_10KB_weighted_subs_nonpar_22Sep20.pdf>]
[30 <./figs/pSymA_10KB_weighted_subs_nonpar_22Sep20.pdf>] [31 <./figs/pSymB_10K
B_weighted_subs_nonpar_22Sep20.pdf>] [32] [33] [34] [35] [36 <./figs/ALL_BAC_dN
_dS_omega_violinplots_22Sep20.pdf>] [37]

Package biblatex Warning: Name format 'last-first' deprecated.
(biblatex)                Please use 'family-given' instead.
(biblatex)                Using 'family-given' now.

[38

]
Package atveryend Info: Empty hook `BeforeClearDocument' on input line 1192.
Package atveryend Info: Empty hook `AfterLastShipout' on input line 1192.
 (Revisions2_Supplementary_file_Lato_Golding_Location_of_Substitutions.aux)
Package atveryend Info: Executing hook `AtVeryEndDocument' on input line 1192.
Package atveryend Info: Executing hook `AtEndAfterFileList' on input line 1192.

Package rerunfilecheck Info: File `Revisions2_Supplementary_file_Lato_Golding_L
ocation_of_Substitutions.out' has not changed.
(rerunfilecheck)             Checksum: B26CC9C1249BFA0A090AB32448783688;1411.
Package logreq Info: Writing requests to 'Revisions2_Supplementary_file_Lato_Go
lding_Location_of_Substitutions.run.xml'.
\openout1 = `Revisions2_Supplementary_file_Lato_Golding_Location_of_Substitutio
ns.run.xml'.

Package atveryend Info: Empty hook `AtVeryVeryEnd' on input line 1192.
 ) 
Here is how much of TeX's memory you used:
 28661 strings out of 481511
 556737 string characters out of 2911892
 1057340 words of memory out of 3000000
 43287 multiletter control sequences out of 15000+200000
 553601 words of font info for 82 fonts, out of 3000000 for 9000
 1141 hyphenation exceptions out of 8191
 57i,19n,84p,1434b,1805s stack positions out of 5000i,500n,10000p,200000b,50000s
 <C:\Users\synch\AppData\Local\MiKTeX\2.9\fonts/pk/ljfour/jknappen/ec/dpi600\
ecbi1095.pk> <C:\Users\synch\AppData\Local\MiKTeX\2.9\fonts/pk/ljfour/jknappen/
ec/dpi600\ecbi1200.pk> <C:\Users\synch\AppData\Local\MiKTeX\2.9\fonts/pk/ljfour
/jknappen/ec/dpi600\ecbx1000.pk> <C:\Users\synch\AppData\Local\MiKTeX\2.9\fonts
/pk/ljfour/jknappen/ec/dpi600\ecbx1440.pk> <C:\Users\synch\AppData\Local\MiKTeX
\2.9\fonts/pk/ljfour/jknappen/ec/dpi600\ectt1200.pk> <C:\Users\synch\AppData\Lo
cal\MiKTeX\2.9\fonts/pk/ljfour/jknappen/ec/dpi600\ecti1000.pk> <C:\Users\synch\
AppData\Local\MiKTeX\2.9\fonts/pk/ljfour/jknappen/ec/dpi600\ectt1000.pk> <C:\Us
ers\synch\AppData\Local\MiKTeX\2.9\fonts/pk/ljfour/jknappen/ec/dpi600\ecrm1000.
pk> <C:\Users\synch\AppData\Local\MiKTeX\2.9\fonts/pk/ljfour/jknappen/ec/dpi600
\ecti1095.pk> <C:\Users\synch\AppData\Local\MiKTeX\2.9\fonts/pk/ljfour/jknappen
/ec/dpi600\ecbx1200.pk> <C:\Users\synch\AppData\Local\MiKTeX\2.9\fonts/pk/ljfou
r/jknappen/ec/dpi600\ectt1095.pk> <C:\Users\synch\AppData\Local\MiKTeX\2.9\font
s/pk/ljfour/jknappen/ec/dpi600\ecbx2488.pk> <C:\Users\synch\AppData\Local\MiKTe
X\2.9\fonts/pk/ljfour/jknappen/ec/dpi600\eccc1095.pk> <C:\Users\synch\AppData\L
ocal\MiKTeX\2.9\fonts/pk/ljfour/jknappen/ec/dpi600\ecbx1095.pk> <C:\Users\synch
\AppData\Local\MiKTeX\2.9\fonts/pk/ljfour/jknappen/ec/dpi600\ecrm1095.pk><C:/Us
ers/synch/AppData/Local/Programs/MiKTeX 2.9/fonts/type1/public/amsfonts/cm/cmmi
10.pfb><C:/Users/synch/AppData/Local/Programs/MiKTeX 2.9/fonts/type1/public/ams
fonts/cm/cmmi12.pfb><C:/Users/synch/AppData/Local/Programs/MiKTeX 2.9/fonts/typ
e1/public/amsfonts/cm/cmr10.pfb><C:/Users/synch/AppData/Local/Programs/MiKTeX 2
.9/fonts/type1/public/amsfonts/cm/cmr8.pfb><C:/Users/synch/AppData/Local/Progra
ms/MiKTeX 2.9/fonts/type1/public/amsfonts/cm/cmsy10.pfb><C:/Users/synch/AppData
/Local/Programs/MiKTeX 2.9/fonts/type1/public/amsfonts/cm/cmsy8.pfb><C:/Users/s
ynch/AppData/Local/Programs/MiKTeX 2.9/fonts/type1/public/lm/lmss10.pfb><C:/Use
rs/synch/AppData/Local/Programs/MiKTeX 2.9/fonts/type1/public/lm/lmss17.pfb>
Output written on Revisions2_Supplementary_file_Lato_Golding_Location_of_Substi
tutions.pdf (38 pages, 4385158 bytes).
PDF statistics:
 1099 PDF objects out of 1200 (max. 8388607)
 99 named destinations out of 1000 (max. 500000)
 293 words of extra memory for PDF output out of 10000 (max. 10000000)

